2022.02.16 10:30:56 INFO  tracing is disabled for protocol LSP, to enable tracing of incoming and outgoing JSON messages create an empty file at /Users/ht/code/cpp_example/.metals/lsp.trace.json or /Users/ht/Library/Caches/org.scalameta.metals/lsp.trace.json
2022.02.16 10:30:56 INFO  logging to file /Users/ht/code/cpp_example/.metals/metals.log
2022.02.16 10:30:56 INFO  Started: Metals version 0.11.1 in workspace '/Users/ht/code/cpp_example' for client Visual Studio Code 1.64.0.
2022.02.16 10:30:56 INFO  Parse release: 1.8.0_292
2022.02.16 10:30:58 INFO  time: initialize in 1.52s
2022.02.16 10:30:58 WARN  Build server is not auto-connectable.
2022.02.16 10:30:58 WARN  no build tool detected in workspace '/Users/ht/code/cpp_example'. The most common cause for this problem is that the editor was opened in the wrong working directory, for example if you use sbt then the workspace directory should contain build.sbt. 
2022.02.17 13:52:58 WARN  no build target for: /Users/ht/code/nebula-algorithm/nebula-algorithm/src/main/scala/com/vesoft/nebula/algorithm/config/Configs.scala
2022.02.17 13:53:06 INFO  no build target found for /Users/ht/code/nebula-algorithm/nebula-algorithm/src/main/scala/com/vesoft/nebula/algorithm/config/Configs.scala. Using presentation compiler with project's scala-library version: 3.1.0
二月 17, 2022 1:53:12 下午 org.eclipse.lsp4j.jsonrpc.RemoteEndpoint handleCancellation
警告: Unmatched cancel notification for request id 1
二月 17, 2022 1:53:12 下午 org.eclipse.lsp4j.jsonrpc.RemoteEndpoint handleCancellation
警告: Unmatched cancel notification for request id 4
二月 17, 2022 1:53:12 下午 org.eclipse.lsp4j.jsonrpc.RemoteEndpoint handleCancellation
警告: Unmatched cancel notification for request id 7
二月 17, 2022 1:53:12 下午 org.eclipse.lsp4j.jsonrpc.RemoteEndpoint handleCancellation
警告: Unmatched cancel notification for request id 9
二月 17, 2022 1:53:12 下午 org.eclipse.lsp4j.jsonrpc.RemoteEndpoint handleCancellation
警告: Unmatched cancel notification for request id 15
二月 17, 2022 1:53:12 下午 org.eclipse.lsp4j.jsonrpc.RemoteEndpoint handleCancellation
警告: Unmatched cancel notification for request id 16
二月 17, 2022 1:53:12 下午 org.eclipse.lsp4j.jsonrpc.RemoteEndpoint handleCancellation
警告: Unmatched cancel notification for request id 19
2022.02.17 14:01:03 WARN  no build target for: /Users/ht/code/nebula-algorithm/nebula-algorithm/src/main/scala/com/vesoft/nebula/algorithm/config/Configs.scala
2022.02.17 14:07:58 WARN  no build target for: /Users/ht/code/nebula-algorithm/nebula-algorithm/src/main/scala/com/vesoft/nebula/algorithm/config/Configs.scala
2022.02.17 14:09:02 WARN  no build target for: /Users/ht/code/nebula-algorithm/nebula-algorithm/src/main/scala/com/vesoft/nebula/algorithm/Main.scala
二月 17, 2022 2:09:58 下午 org.eclipse.lsp4j.jsonrpc.RemoteEndpoint handleCancellation
警告: Unmatched cancel notification for request id 180
2022.02.17 14:10:22 WARN  no build target for: /Users/ht/code/nebula-algorithm/nebula-algorithm/src/main/scala/com/vesoft/nebula/algorithm/config/Configs.scala
二月 17, 2022 4:46:42 下午 org.eclipse.lsp4j.jsonrpc.services.GenericEndpoint notify
信息: Unsupported notification method: $/setTrace
二月 17, 2022 4:48:57 下午 org.eclipse.lsp4j.jsonrpc.services.GenericEndpoint notify
信息: Unsupported notification method: $/setTrace
2022.02.18 15:57:21 INFO  shutting down Metals
2022.02.21 10:40:50 INFO  tracing is disabled for protocol LSP, to enable tracing of incoming and outgoing JSON messages create an empty file at /Users/ht/code/cpp_example/.metals/lsp.trace.json or /Users/ht/Library/Caches/org.scalameta.metals/lsp.trace.json
2022.02.21 10:40:50 INFO  logging to file /Users/ht/code/cpp_example/.metals/metals.log
2022.02.21 10:40:50 INFO  Started: Metals version 0.11.1 in workspace '/Users/ht/code/cpp_example' for client Visual Studio Code 1.64.2.
2022.02.21 10:40:50 INFO  Parse release: 1.8.0_292
2022.02.21 10:40:52 INFO  time: initialize in 1.54s
2022.02.21 10:40:52 WARN  Build server is not auto-connectable.
2022.02.21 10:40:52 WARN  no build tool detected in workspace '/Users/ht/code/cpp_example'. The most common cause for this problem is that the editor was opened in the wrong working directory, for example if you use sbt then the workspace directory should contain build.sbt. 
二月 21, 2022 10:41:02 上午 org.eclipse.lsp4j.jsonrpc.services.GenericEndpoint notify
信息: Unsupported notification method: $/setTrace
二月 21, 2022 10:41:13 上午 org.eclipse.lsp4j.jsonrpc.services.GenericEndpoint notify
信息: Unsupported notification method: $/setTrace
2022.02.24 14:11:49 INFO  shutting down Metals
2022.02.24 14:14:04 INFO  tracing is disabled for protocol LSP, to enable tracing of incoming and outgoing JSON messages create an empty file at /Users/ht/code/cpp_example/.metals/lsp.trace.json or /Users/ht/Library/Caches/org.scalameta.metals/lsp.trace.json
2022.02.24 14:14:05 INFO  logging to file /Users/ht/code/cpp_example/.metals/metals.log
2022.02.24 14:14:05 INFO  Started: Metals version 0.11.1 in workspace '/Users/ht/code/cpp_example' for client Visual Studio Code 1.64.2.
2022.02.24 14:14:05 INFO  Parse release: 1.8.0_292
2022.02.24 14:14:08 INFO  time: initialize in 2.2s
2022.02.24 14:14:09 WARN  Build server is not auto-connectable.
2022.02.24 14:14:09 WARN  no build tool detected in workspace '/Users/ht/code/cpp_example'. The most common cause for this problem is that the editor was opened in the wrong working directory, for example if you use sbt then the workspace directory should contain build.sbt. 
2022.02.24 23:29:16 INFO  shutting down Metals
2022.02.24 23:31:57 INFO  tracing is disabled for protocol LSP, to enable tracing of incoming and outgoing JSON messages create an empty file at /Users/ht/code/cpp_example/.metals/lsp.trace.json or /Users/ht/Library/Caches/org.scalameta.metals/lsp.trace.json
2022.02.24 23:31:58 INFO  logging to file /Users/ht/code/cpp_example/.metals/metals.log
2022.02.24 23:31:58 INFO  Started: Metals version 0.11.1 in workspace '/Users/ht/code/cpp_example' for client Visual Studio Code 1.64.2.
2022.02.24 23:31:58 INFO  Parse release: 1.8.0_292
2022.02.24 23:31:59 INFO  time: initialize in 1.57s
2022.02.24 23:32:00 WARN  Build server is not auto-connectable.
2022.02.24 23:32:00 WARN  no build tool detected in workspace '/Users/ht/code/cpp_example'. The most common cause for this problem is that the editor was opened in the wrong working directory, for example if you use sbt then the workspace directory should contain build.sbt. 
2022.02.28 09:19:05 WARN  no build target for: /Users/ht/code/nebula-algorithm/nebula-algorithm/src/main/scala/com/vesoft/nebula/algorithm/lib/LouvainAlgo.scala
2022.02.28 09:19:12 INFO  no build target found for /Users/ht/code/nebula-algorithm/nebula-algorithm/src/main/scala/com/vesoft/nebula/algorithm/lib/LouvainAlgo.scala. Using presentation compiler with project's scala-library version: 3.1.0
二月 28, 2022 9:19:16 上午 org.eclipse.lsp4j.jsonrpc.RemoteEndpoint handleCancellation
警告: Unmatched cancel notification for request id 1
二月 28, 2022 9:19:16 上午 org.eclipse.lsp4j.jsonrpc.RemoteEndpoint handleCancellation
警告: Unmatched cancel notification for request id 4
二月 28, 2022 9:19:16 上午 org.eclipse.lsp4j.jsonrpc.RemoteEndpoint handleCancellation
警告: Unmatched cancel notification for request id 5
二月 28, 2022 9:19:16 上午 org.eclipse.lsp4j.jsonrpc.RemoteEndpoint handleCancellation
警告: Unmatched cancel notification for request id 10
二月 28, 2022 9:19:16 上午 org.eclipse.lsp4j.jsonrpc.RemoteEndpoint handleCancellation
警告: Unmatched cancel notification for request id 8
二月 28, 2022 9:19:16 上午 org.eclipse.lsp4j.jsonrpc.RemoteEndpoint handleCancellation
警告: Unmatched cancel notification for request id 11
二月 28, 2022 9:19:16 上午 org.eclipse.lsp4j.jsonrpc.RemoteEndpoint handleCancellation
警告: Unmatched cancel notification for request id 13
2022.02.28 09:19:37 WARN  no build target for: /Users/ht/code/nebula-algorithm/nebula-algorithm/src/main/scala/com/vesoft/nebula/algorithm/utils/NebulaUtil.scala
2022.02.28 18:25:59 WARN  no build target for: /Users/ht/code/nebula-algorithm/nebula-algorithm/src/main/scala/com/vesoft/nebula/algorithm/Main.scala
二月 28, 2022 6:26:00 下午 org.eclipse.lsp4j.jsonrpc.RemoteEndpoint handleCancellation
警告: Unmatched cancel notification for request id 70
2022.02.28 18:26:03 WARN  no build target for: /Users/ht/code/nebula-algorithm/nebula-algorithm/src/main/scala/com/vesoft/nebula/algorithm/config/Configs.scala
二月 28, 2022 6:26:04 下午 org.eclipse.lsp4j.jsonrpc.RemoteEndpoint handleCancellation
警告: Unmatched cancel notification for request id 75
2022.02.28 18:26:05 INFO  time: code lens generation in 2.07s
2022.02.28 18:26:05 INFO  time: code lens generation in 1.07s
Exception in thread "pool-3-thread-1" java.lang.Error: java.lang.InterruptedException
	at java.util.concurrent.ThreadPoolExecutor.runWorker(ThreadPoolExecutor.java:1155)
	at java.util.concurrent.ThreadPoolExecutor$Worker.run(ThreadPoolExecutor.java:624)
	at java.lang.Thread.run(Thread.java:748)
Caused by: java.lang.InterruptedException
	at scala.meta.internal.metals.FutureCancelToken.checkCanceled(FutureCancelToken.scala:29)
	at scala.meta.internal.pc.CompilerAccess.onCompilerJobQueue$$anonfun$1(CompilerAccess.scala:195)
	at scala.meta.internal.pc.CompilerJobQueue$Job.run(CompilerJobQueue.scala:139)
	at java.util.concurrent.ThreadPoolExecutor.runWorker(ThreadPoolExecutor.java:1149)
	... 2 more
2022.03.02 16:36:40 WARN  no build target for: /Users/ht/code/nebula-algorithm/nebula-algorithm/src/main/scala/com/vesoft/nebula/algorithm/config/Configs.scala
2022.03.02 16:38:04 WARN  no build target for: /Users/ht/code/nebula-exchange/exchange-common/src/main/scala/com/vesoft/exchange/common/config/Configs.scala
2022.03.02 16:38:09 INFO  time: code lens generation in 2.23s
2022.03.08 15:21:20 WARN  no build target for: /Users/ht/code/nebula-algorithm/nebula-algorithm/src/main/scala/com/vesoft/nebula/algorithm/lib/LouvainAlgo.scala
Exception in thread "pool-3-thread-2" java.lang.Error: java.lang.InterruptedException
	at java.util.concurrent.ThreadPoolExecutor.runWorker(ThreadPoolExecutor.java:1155)
	at java.util.concurrent.ThreadPoolExecutor$Worker.run(ThreadPoolExecutor.java:624)
	at java.lang.Thread.run(Thread.java:748)
Caused by: java.lang.InterruptedException
	at scala.meta.internal.metals.FutureCancelToken.checkCanceled(FutureCancelToken.scala:29)
	at scala.meta.internal.pc.CompilerAccess.onCompilerJobQueue$$anonfun$1(CompilerAccess.scala:195)
	at scala.meta.internal.pc.CompilerJobQueue$Job.run(CompilerJobQueue.scala:139)
	at java.util.concurrent.ThreadPoolExecutor.runWorker(ThreadPoolExecutor.java:1149)
	... 2 more
三月 08, 2022 3:21:24 下午 org.eclipse.lsp4j.jsonrpc.RemoteEndpoint handleCancellation
警告: Unmatched cancel notification for request id 453
三月 08, 2022 3:21:24 下午 org.eclipse.lsp4j.jsonrpc.RemoteEndpoint handleCancellation
警告: Unmatched cancel notification for request id 455
三月 09, 2022 8:15:06 上午 org.eclipse.lsp4j.jsonrpc.services.GenericEndpoint notify
信息: Unsupported notification method: $/setTrace
2022.03.10 09:13:05 INFO  shutting down Metals
2022.03.11 13:45:02 INFO  tracing is disabled for protocol LSP, to enable tracing of incoming and outgoing JSON messages create an empty file at /Users/ht/code/cpp_example/.metals/lsp.trace.json or /Users/ht/Library/Caches/org.scalameta.metals/lsp.trace.json
2022.03.11 13:45:03 INFO  logging to file /Users/ht/code/cpp_example/.metals/metals.log
2022.03.11 13:45:03 INFO  Started: Metals version 0.11.2 in workspace '/Users/ht/code/cpp_example' for client Visual Studio Code 1.65.0.
2022.03.11 13:45:03 INFO  Parse release: 1.8.0_292
2022.03.11 13:45:04 INFO  time: initialize in 1.45s
2022.03.11 13:45:05 INFO  Deleting old database format /Users/ht/code/cpp_example/.metals/metals.h2.db
2022.03.11 13:45:05 WARN  Build server is not auto-connectable.
2022.03.11 13:45:05 WARN  no build tool detected in workspace '/Users/ht/code/cpp_example'. The most common cause for this problem is that the editor was opened in the wrong working directory, for example if you use sbt then the workspace directory should contain build.sbt. 
2022.03.20 07:53:49 INFO  shutting down Metals
2022.03.21 15:58:42 INFO  tracing is disabled for protocol LSP, to enable tracing of incoming and outgoing JSON messages create an empty file at /Users/ht/code/cpp_example/.metals/lsp.trace.json or /Users/ht/Library/Caches/org.scalameta.metals/lsp.trace.json
2022.03.21 15:58:43 INFO  logging to file /Users/ht/code/cpp_example/.metals/metals.log
2022.03.21 15:58:43 INFO  Started: Metals version 0.11.2 in workspace '/Users/ht/code/cpp_example' for client Visual Studio Code 1.65.0.
2022.03.21 15:58:43 INFO  Parse release: 1.8.0_292
2022.03.21 15:58:44 INFO  time: initialize in 1.46s
2022.03.21 15:58:45 WARN  Build server is not auto-connectable.
2022.03.21 15:58:45 WARN  no build tool detected in workspace '/Users/ht/code/cpp_example'. The most common cause for this problem is that the editor was opened in the wrong working directory, for example if you use sbt then the workspace directory should contain build.sbt. 
2022.03.21 16:31:33 INFO  shutting down Metals
2022.03.21 16:33:10 INFO  tracing is disabled for protocol LSP, to enable tracing of incoming and outgoing JSON messages create an empty file at /Users/ht/code/cpp_example/.metals/lsp.trace.json or /Users/ht/Library/Caches/org.scalameta.metals/lsp.trace.json
2022.03.21 16:33:14 INFO  logging to file /Users/ht/code/cpp_example/.metals/metals.log
2022.03.21 16:33:14 INFO  Started: Metals version 0.11.2 in workspace '/Users/ht/code/cpp_example' for client Visual Studio Code 1.65.2.
2022.03.21 16:33:14 INFO  Parse release: 1.8.0_292
2022.03.21 16:33:17 INFO  time: initialize in 3.04s
2022.03.21 16:33:18 WARN  Build server is not auto-connectable.
2022.03.21 16:33:18 WARN  no build tool detected in workspace '/Users/ht/code/cpp_example'. The most common cause for this problem is that the editor was opened in the wrong working directory, for example if you use sbt then the workspace directory should contain build.sbt. 
三月 21, 2022 5:32:32 下午 org.eclipse.lsp4j.jsonrpc.services.GenericEndpoint notify
信息: Unsupported notification method: $/setTrace
2022.03.27 14:19:37 INFO  shutting down Metals
2022.03.27 14:20:57 INFO  tracing is disabled for protocol LSP, to enable tracing of incoming and outgoing JSON messages create an empty file at /Users/ht/code/cpp_example/.metals/lsp.trace.json or /Users/ht/Library/Caches/org.scalameta.metals/lsp.trace.json
2022.03.27 14:20:59 INFO  logging to file /Users/ht/code/cpp_example/.metals/metals.log
2022.03.27 14:20:59 INFO  Started: Metals version 0.11.2 in workspace '/Users/ht/code/cpp_example' for client Visual Studio Code 1.65.2.
2022.03.27 14:20:59 INFO  Parse release: 1.8.0_292
2022.03.27 14:21:01 INFO  time: initialize in 2.31s
2022.03.27 14:21:02 WARN  Build server is not auto-connectable.
2022.03.27 14:21:02 WARN  no build tool detected in workspace '/Users/ht/code/cpp_example'. The most common cause for this problem is that the editor was opened in the wrong working directory, for example if you use sbt then the workspace directory should contain build.sbt. 
三月 27, 2022 6:26:03 下午 org.eclipse.lsp4j.jsonrpc.services.GenericEndpoint notify
信息: Unsupported notification method: $/setTrace
三月 27, 2022 6:26:07 下午 org.eclipse.lsp4j.jsonrpc.services.GenericEndpoint notify
信息: Unsupported notification method: $/setTrace
三月 27, 2022 6:26:09 下午 org.eclipse.lsp4j.jsonrpc.services.GenericEndpoint notify
信息: Unsupported notification method: $/setTrace
三月 27, 2022 7:13:36 下午 org.eclipse.lsp4j.jsonrpc.services.GenericEndpoint notify
信息: Unsupported notification method: $/setTrace
三月 27, 2022 7:13:37 下午 org.eclipse.lsp4j.jsonrpc.services.GenericEndpoint notify
信息: Unsupported notification method: $/setTrace
三月 27, 2022 7:13:37 下午 org.eclipse.lsp4j.jsonrpc.services.GenericEndpoint notify
信息: Unsupported notification method: $/setTrace
三月 27, 2022 7:13:37 下午 org.eclipse.lsp4j.jsonrpc.services.GenericEndpoint notify
信息: Unsupported notification method: $/setTrace
三月 27, 2022 7:13:38 下午 org.eclipse.lsp4j.jsonrpc.services.GenericEndpoint notify
信息: Unsupported notification method: $/setTrace
三月 27, 2022 7:19:18 下午 org.eclipse.lsp4j.jsonrpc.services.GenericEndpoint notify
信息: Unsupported notification method: $/setTrace
三月 27, 2022 7:19:18 下午 org.eclipse.lsp4j.jsonrpc.services.GenericEndpoint notify
信息: Unsupported notification method: $/setTrace
三月 27, 2022 7:19:18 下午 org.eclipse.lsp4j.jsonrpc.services.GenericEndpoint notify
信息: Unsupported notification method: $/setTrace
三月 27, 2022 7:19:18 下午 org.eclipse.lsp4j.jsonrpc.services.GenericEndpoint notify
信息: Unsupported notification method: $/setTrace
三月 27, 2022 7:19:18 下午 org.eclipse.lsp4j.jsonrpc.services.GenericEndpoint notify
信息: Unsupported notification method: $/setTrace
三月 27, 2022 7:19:19 下午 org.eclipse.lsp4j.jsonrpc.services.GenericEndpoint notify
信息: Unsupported notification method: $/setTrace
三月 27, 2022 7:19:20 下午 org.eclipse.lsp4j.jsonrpc.services.GenericEndpoint notify
信息: Unsupported notification method: $/setTrace
三月 27, 2022 9:55:50 下午 org.eclipse.lsp4j.jsonrpc.services.GenericEndpoint notify
信息: Unsupported notification method: $/setTrace
三月 27, 2022 9:55:50 下午 org.eclipse.lsp4j.jsonrpc.services.GenericEndpoint notify
信息: Unsupported notification method: $/setTrace
三月 27, 2022 9:55:52 下午 org.eclipse.lsp4j.jsonrpc.services.GenericEndpoint notify
信息: Unsupported notification method: $/setTrace
三月 27, 2022 9:55:52 下午 org.eclipse.lsp4j.jsonrpc.services.GenericEndpoint notify
信息: Unsupported notification method: $/setTrace
三月 27, 2022 9:55:56 下午 org.eclipse.lsp4j.jsonrpc.services.GenericEndpoint notify
信息: Unsupported notification method: $/setTrace
三月 27, 2022 9:55:57 下午 org.eclipse.lsp4j.jsonrpc.services.GenericEndpoint notify
信息: Unsupported notification method: $/setTrace
三月 27, 2022 9:55:57 下午 org.eclipse.lsp4j.jsonrpc.services.GenericEndpoint notify
信息: Unsupported notification method: $/setTrace
三月 27, 2022 9:57:07 下午 org.eclipse.lsp4j.jsonrpc.services.GenericEndpoint notify
信息: Unsupported notification method: $/setTrace
三月 27, 2022 9:57:07 下午 org.eclipse.lsp4j.jsonrpc.services.GenericEndpoint notify
信息: Unsupported notification method: $/setTrace
三月 27, 2022 9:57:08 下午 org.eclipse.lsp4j.jsonrpc.services.GenericEndpoint notify
信息: Unsupported notification method: $/setTrace
三月 27, 2022 9:57:08 下午 org.eclipse.lsp4j.jsonrpc.services.GenericEndpoint notify
信息: Unsupported notification method: $/setTrace
三月 27, 2022 9:57:08 下午 org.eclipse.lsp4j.jsonrpc.services.GenericEndpoint notify
信息: Unsupported notification method: $/setTrace
三月 27, 2022 9:57:08 下午 org.eclipse.lsp4j.jsonrpc.services.GenericEndpoint notify
信息: Unsupported notification method: $/setTrace
三月 27, 2022 10:17:09 下午 org.eclipse.lsp4j.jsonrpc.services.GenericEndpoint notify
信息: Unsupported notification method: $/setTrace
三月 27, 2022 10:17:09 下午 org.eclipse.lsp4j.jsonrpc.services.GenericEndpoint notify
信息: Unsupported notification method: $/setTrace
三月 27, 2022 10:17:09 下午 org.eclipse.lsp4j.jsonrpc.services.GenericEndpoint notify
信息: Unsupported notification method: $/setTrace
三月 27, 2022 10:17:10 下午 org.eclipse.lsp4j.jsonrpc.services.GenericEndpoint notify
信息: Unsupported notification method: $/setTrace
三月 28, 2022 9:24:02 上午 org.eclipse.lsp4j.jsonrpc.services.GenericEndpoint notify
信息: Unsupported notification method: $/setTrace
三月 28, 2022 9:24:02 上午 org.eclipse.lsp4j.jsonrpc.services.GenericEndpoint notify
信息: Unsupported notification method: $/setTrace
三月 28, 2022 9:24:02 上午 org.eclipse.lsp4j.jsonrpc.services.GenericEndpoint notify
信息: Unsupported notification method: $/setTrace
三月 28, 2022 9:24:02 上午 org.eclipse.lsp4j.jsonrpc.services.GenericEndpoint notify
信息: Unsupported notification method: $/setTrace
三月 28, 2022 9:24:03 上午 org.eclipse.lsp4j.jsonrpc.services.GenericEndpoint notify
信息: Unsupported notification method: $/setTrace
三月 28, 2022 9:24:03 上午 org.eclipse.lsp4j.jsonrpc.services.GenericEndpoint notify
信息: Unsupported notification method: $/setTrace
三月 28, 2022 9:24:03 上午 org.eclipse.lsp4j.jsonrpc.services.GenericEndpoint notify
信息: Unsupported notification method: $/setTrace
三月 28, 2022 9:24:04 上午 org.eclipse.lsp4j.jsonrpc.services.GenericEndpoint notify
信息: Unsupported notification method: $/setTrace
三月 28, 2022 9:24:05 上午 org.eclipse.lsp4j.jsonrpc.services.GenericEndpoint notify
信息: Unsupported notification method: $/setTrace
三月 28, 2022 9:24:05 上午 org.eclipse.lsp4j.jsonrpc.services.GenericEndpoint notify
信息: Unsupported notification method: $/setTrace
2022.03.30 08:55:02 INFO  shutting down Metals
2022.03.30 08:56:07 INFO  tracing is disabled for protocol LSP, to enable tracing of incoming and outgoing JSON messages create an empty file at /Users/ht/code/cpp_example/.metals/lsp.trace.json or /Users/ht/Library/Caches/org.scalameta.metals/lsp.trace.json
2022.03.30 08:56:08 INFO  logging to file /Users/ht/code/cpp_example/.metals/metals.log
2022.03.30 08:56:08 INFO  Started: Metals version 0.11.2 in workspace '/Users/ht/code/cpp_example' for client Visual Studio Code 1.65.2.
2022.03.30 08:56:08 INFO  Parse release: 1.8.0_292
2022.03.30 08:56:09 INFO  time: initialize in 1.82s
2022.03.30 08:56:10 WARN  Build server is not auto-connectable.
2022.03.30 08:56:10 WARN  no build tool detected in workspace '/Users/ht/code/cpp_example'. The most common cause for this problem is that the editor was opened in the wrong working directory, for example if you use sbt then the workspace directory should contain build.sbt. 
四月 02, 2022 10:48:06 上午 org.eclipse.lsp4j.jsonrpc.services.GenericEndpoint notify
信息: Unsupported notification method: $/setTrace
四月 02, 2022 10:53:35 上午 org.eclipse.lsp4j.jsonrpc.services.GenericEndpoint notify
信息: Unsupported notification method: $/setTrace
四月 02, 2022 10:53:35 上午 org.eclipse.lsp4j.jsonrpc.services.GenericEndpoint notify
信息: Unsupported notification method: $/setTrace
四月 02, 2022 10:53:38 上午 org.eclipse.lsp4j.jsonrpc.services.GenericEndpoint notify
信息: Unsupported notification method: $/setTrace
四月 02, 2022 10:57:48 上午 org.eclipse.lsp4j.jsonrpc.services.GenericEndpoint notify
信息: Unsupported notification method: $/setTrace
四月 02, 2022 10:57:48 上午 org.eclipse.lsp4j.jsonrpc.services.GenericEndpoint notify
信息: Unsupported notification method: $/setTrace
四月 02, 2022 10:57:55 上午 org.eclipse.lsp4j.jsonrpc.services.GenericEndpoint notify
信息: Unsupported notification method: $/setTrace
四月 02, 2022 5:18:00 下午 org.eclipse.lsp4j.jsonrpc.services.GenericEndpoint notify
信息: Unsupported notification method: $/setTrace
四月 02, 2022 5:18:00 下午 org.eclipse.lsp4j.jsonrpc.services.GenericEndpoint notify
信息: Unsupported notification method: $/setTrace
四月 02, 2022 5:18:00 下午 org.eclipse.lsp4j.jsonrpc.services.GenericEndpoint notify
信息: Unsupported notification method: $/setTrace
四月 02, 2022 5:18:01 下午 org.eclipse.lsp4j.jsonrpc.services.GenericEndpoint notify
信息: Unsupported notification method: $/setTrace
四月 02, 2022 5:18:02 下午 org.eclipse.lsp4j.jsonrpc.services.GenericEndpoint notify
信息: Unsupported notification method: $/setTrace
四月 07, 2022 1:46:46 下午 org.eclipse.lsp4j.jsonrpc.services.GenericEndpoint notify
信息: Unsupported notification method: $/setTrace
四月 08, 2022 9:45:05 上午 org.eclipse.lsp4j.jsonrpc.services.GenericEndpoint notify
信息: Unsupported notification method: $/setTrace
四月 08, 2022 9:45:05 上午 org.eclipse.lsp4j.jsonrpc.services.GenericEndpoint notify
信息: Unsupported notification method: $/setTrace
四月 08, 2022 9:45:07 上午 org.eclipse.lsp4j.jsonrpc.services.GenericEndpoint notify
信息: Unsupported notification method: $/setTrace
四月 11, 2022 5:32:46 下午 org.eclipse.lsp4j.jsonrpc.services.GenericEndpoint notify
信息: Unsupported notification method: $/setTrace
四月 11, 2022 5:32:46 下午 org.eclipse.lsp4j.jsonrpc.services.GenericEndpoint notify
信息: Unsupported notification method: $/setTrace
四月 11, 2022 5:48:45 下午 org.eclipse.lsp4j.jsonrpc.services.GenericEndpoint notify
信息: Unsupported notification method: $/setTrace
四月 11, 2022 5:51:48 下午 org.eclipse.lsp4j.jsonrpc.services.GenericEndpoint notify
信息: Unsupported notification method: $/setTrace
四月 11, 2022 5:51:49 下午 org.eclipse.lsp4j.jsonrpc.services.GenericEndpoint notify
信息: Unsupported notification method: $/setTrace
2022.04.11 17:53:01 INFO  shutting down Metals
2022.04.14 16:01:57 INFO  tracing is disabled for protocol LSP, to enable tracing of incoming and outgoing JSON messages create an empty file at /Users/ht/code/cpp_example/.metals/lsp.trace.json or /Users/ht/Library/Caches/org.scalameta.metals/lsp.trace.json
2022.04.14 16:01:59 INFO  logging to file /Users/ht/code/cpp_example/.metals/metals.log
2022.04.14 16:01:59 INFO  Started: Metals version 0.11.2 in workspace '/Users/ht/code/cpp_example' for client Visual Studio Code 1.66.2.
2022.04.14 16:01:59 INFO  Parse release: 1.8.0_292
2022.04.14 16:02:01 INFO  time: initialize in 2.12s
2022.04.14 16:02:02 WARN  Build server is not auto-connectable.
2022.04.14 16:02:02 WARN  no build tool detected in workspace '/Users/ht/code/cpp_example'. The most common cause for this problem is that the editor was opened in the wrong working directory, for example if you use sbt then the workspace directory should contain build.sbt. 
四月 14, 2022 4:02:06 下午 org.eclipse.lsp4j.jsonrpc.services.GenericEndpoint notify
信息: Unsupported notification method: $/setTrace
2022.04.18 09:17:07 INFO  tracing is disabled for protocol LSP, to enable tracing of incoming and outgoing JSON messages create an empty file at /Users/ht/code/cpp_example/.metals/lsp.trace.json or /Users/ht/Library/Caches/org.scalameta.metals/lsp.trace.json
2022.04.18 09:17:10 INFO  logging to file /Users/ht/code/cpp_example/.metals/metals.log
2022.04.18 09:17:10 INFO  Started: Metals version 0.11.2 in workspace '/Users/ht/code/cpp_example' for client Visual Studio Code 1.66.2.
2022.04.18 09:17:10 INFO  Parse release: 1.8.0_292
2022.04.18 09:17:12 INFO  time: initialize in 1.96s
2022.04.18 09:17:16 WARN  Build server is not auto-connectable.
2022.04.18 09:17:16 WARN  no build tool detected in workspace '/Users/ht/code/cpp_example'. The most common cause for this problem is that the editor was opened in the wrong working directory, for example if you use sbt then the workspace directory should contain build.sbt. 
2022.04.26 19:08:25 WARN  no build target for: /Users/ht/code/nebula-algorithm/nebula-algorithm/src/main/scala/com/vesoft/nebula/algorithm/lib/BetweennessCentralityAlgo.scala
2022.04.26 19:08:35 INFO  no build target found for /Users/ht/code/nebula-algorithm/nebula-algorithm/src/main/scala/com/vesoft/nebula/algorithm/lib/BetweennessCentralityAlgo.scala. Using presentation compiler with project's scala-library version: 3.1.1
四月 26, 2022 7:08:35 下午 org.eclipse.lsp4j.jsonrpc.RemoteEndpoint handleCancellation
警告: Unmatched cancel notification for request id 6
四月 26, 2022 7:08:35 下午 org.eclipse.lsp4j.jsonrpc.RemoteEndpoint handleCancellation
警告: Unmatched cancel notification for request id 10
四月 26, 2022 7:08:35 下午 org.eclipse.lsp4j.jsonrpc.RemoteEndpoint handleCancellation
警告: Unmatched cancel notification for request id 12
2022.04.26 19:08:41 INFO  time: code lens generation in 11s
四月 26, 2022 7:08:41 下午 org.eclipse.lsp4j.jsonrpc.RemoteEndpoint handleCancellation
警告: Unmatched cancel notification for request id 15
四月 26, 2022 7:08:41 下午 org.eclipse.lsp4j.jsonrpc.RemoteEndpoint handleCancellation
警告: Unmatched cancel notification for request id 22
四月 26, 2022 7:08:41 下午 org.eclipse.lsp4j.jsonrpc.RemoteEndpoint handleCancellation
警告: Unmatched cancel notification for request id 27
四月 26, 2022 11:19:36 下午 org.eclipse.lsp4j.jsonrpc.RemoteEndpoint handleCancellation
警告: Unmatched cancel notification for request id 140
四月 27, 2022 5:02:11 下午 org.eclipse.lsp4j.jsonrpc.RemoteEndpoint handleCancellation
警告: Unmatched cancel notification for request id 228
四月 28, 2022 10:41:02 上午 org.eclipse.lsp4j.jsonrpc.RemoteEndpoint handleCancellation
警告: Unmatched cancel notification for request id 246
2022.04.29 09:29:52 INFO  shutting down Metals
2022.04.29 09:31:37 INFO  tracing is disabled for protocol LSP, to enable tracing of incoming and outgoing JSON messages create an empty file at /Users/ht/code/cpp_example/.metals/lsp.trace.json or /Users/ht/Library/Caches/org.scalameta.metals/lsp.trace.json
2022.04.29 09:31:38 INFO  logging to file /Users/ht/code/cpp_example/.metals/metals.log
2022.04.29 09:31:38 INFO  Started: Metals version 0.11.4 in workspace '/Users/ht/code/cpp_example' for client Visual Studio Code 1.66.2.
2022.04.29 09:31:39 INFO  time: initialize in 1.55s
2022.04.29 09:31:39 WARN  Flyway upgrade recommended: H2 2.1.212 is newer than this version of Flyway and support has not been tested. The latest supported version of H2 is 2.1.210.
2022.04.29 09:31:39 WARN  Build server is not auto-connectable.
2022.04.29 09:31:39 WARN  no build tool detected in workspace '/Users/ht/code/cpp_example'. The most common cause for this problem is that the editor was opened in the wrong working directory, for example if you use sbt then the workspace directory should contain build.sbt. 
2022.05.03 17:24:57 INFO  shutting down Metals
2022.05.03 17:26:32 INFO  tracing is disabled for protocol LSP, to enable tracing of incoming and outgoing JSON messages create an empty file at /Users/ht/code/cpp_example/.metals/lsp.trace.json or /Users/ht/Library/Caches/org.scalameta.metals/lsp.trace.json
2022.05.03 17:26:33 INFO  logging to file /Users/ht/code/cpp_example/.metals/metals.log
2022.05.03 17:26:33 INFO  Started: Metals version 0.11.5 in workspace '/Users/ht/code/cpp_example' for client Visual Studio Code 1.66.2.
2022.05.03 17:26:35 INFO  time: initialize in 1.8s
2022.05.03 17:26:35 WARN  Flyway upgrade recommended: H2 2.1.212 is newer than this version of Flyway and support has not been tested. The latest supported version of H2 is 2.1.210.
2022.05.03 17:26:36 WARN  Build server is not auto-connectable.
2022.05.03 17:26:36 WARN  no build tool detected in workspace '/Users/ht/code/cpp_example'. The most common cause for this problem is that the editor was opened in the wrong working directory, for example if you use sbt then the workspace directory should contain build.sbt. 
2022.05.06 11:21:44 WARN  no build target for: /Users/ht/code/nebula-algorithm/nebula-algorithm/src/main/scala/com/vesoft/nebula/algorithm/lib/TriangleCountAlgo.scala
2022.05.06 11:21:55 INFO  no build target found for /Users/ht/code/nebula-algorithm/nebula-algorithm/src/main/scala/com/vesoft/nebula/algorithm/lib/TriangleCountAlgo.scala. Using presentation compiler with project's scala-library version: 3.1.2
2022.05.06 11:21:59 INFO  time: code lens generation in 13s
2022.05.11 16:53:39 INFO  shutting down Metals
2022.05.11 16:54:08 INFO  tracing is disabled for protocol LSP, to enable tracing of incoming and outgoing JSON messages create an empty file at /Users/ht/code/cpp_example/.metals/lsp.trace.json or /Users/ht/Library/Caches/org.scalameta.metals/lsp.trace.json
2022.05.11 16:54:09 INFO  logging to file /Users/ht/code/cpp_example/.metals/metals.log
2022.05.11 16:54:09 INFO  Started: Metals version 0.11.5 in workspace '/Users/ht/code/cpp_example' for client Visual Studio Code 1.66.2.
2022.05.11 16:54:11 INFO  time: initialize in 1.9s
2022.05.11 16:54:11 WARN  Flyway upgrade recommended: H2 2.1.212 is newer than this version of Flyway and support has not been tested. The latest supported version of H2 is 2.1.210.
2022.05.11 16:54:11 WARN  Build server is not auto-connectable.
2022.05.11 16:54:11 WARN  no build tool detected in workspace '/Users/ht/code/cpp_example'. The most common cause for this problem is that the editor was opened in the wrong working directory, for example if you use sbt then the workspace directory should contain build.sbt. 
2022.05.31 09:28:47 INFO  shutting down Metals
2022.05.31 09:31:19 INFO  tracing is disabled for protocol LSP, to enable tracing of incoming and outgoing JSON messages create an empty file at /Users/ht/code/cpp_example/.metals/lsp.trace.json or /Users/ht/Library/Caches/org.scalameta.metals/lsp.trace.json
2022.05.31 09:31:24 INFO  logging to file /Users/ht/code/cpp_example/.metals/metals.log
2022.05.31 09:31:24 INFO  Started: Metals version 0.11.5 in workspace '/Users/ht/code/cpp_example' for client Visual Studio Code 1.66.2.
2022.05.31 09:31:30 INFO  time: initialize in 6.47s
2022.05.31 09:31:31 WARN  Flyway upgrade recommended: H2 2.1.212 is newer than this version of Flyway and support has not been tested. The latest supported version of H2 is 2.1.210.
2022.05.31 09:31:32 WARN  Build server is not auto-connectable.
2022.05.31 09:31:32 WARN  no build tool detected in workspace '/Users/ht/code/cpp_example'. The most common cause for this problem is that the editor was opened in the wrong working directory, for example if you use sbt then the workspace directory should contain build.sbt. 
六月 01, 2022 4:01:29 下午 org.eclipse.lsp4j.jsonrpc.RemoteEndpoint handleNotification
警告: Notification threw an exception: {
  "jsonrpc": "2.0",
  "method": "metals/didFocusTextDocument",
  "params": [
    "untitled:Untitled-1"
  ]
}
java.lang.RuntimeException: java.lang.reflect.InvocationTargetException
	at org.eclipse.lsp4j.jsonrpc.services.GenericEndpoint.lambda$null$0(GenericEndpoint.java:67)
	at org.eclipse.lsp4j.jsonrpc.services.GenericEndpoint.notify(GenericEndpoint.java:152)
	at org.eclipse.lsp4j.jsonrpc.RemoteEndpoint.handleNotification(RemoteEndpoint.java:220)
	at org.eclipse.lsp4j.jsonrpc.RemoteEndpoint.consume(RemoteEndpoint.java:187)
	at org.eclipse.lsp4j.jsonrpc.json.StreamMessageProducer.handleMessage(StreamMessageProducer.java:194)
	at org.eclipse.lsp4j.jsonrpc.json.StreamMessageProducer.listen(StreamMessageProducer.java:94)
	at org.eclipse.lsp4j.jsonrpc.json.ConcurrentMessageProcessor.run(ConcurrentMessageProcessor.java:113)
	at java.util.concurrent.Executors$RunnableAdapter.call(Executors.java:511)
	at java.util.concurrent.FutureTask.run(FutureTask.java:266)
	at java.util.concurrent.ThreadPoolExecutor.runWorker(ThreadPoolExecutor.java:1149)
	at java.util.concurrent.ThreadPoolExecutor$Worker.run(ThreadPoolExecutor.java:624)
	at java.lang.Thread.run(Thread.java:748)
Caused by: java.lang.reflect.InvocationTargetException
	at sun.reflect.NativeMethodAccessorImpl.invoke0(Native Method)
	at sun.reflect.NativeMethodAccessorImpl.invoke(NativeMethodAccessorImpl.java:62)
	at sun.reflect.DelegatingMethodAccessorImpl.invoke(DelegatingMethodAccessorImpl.java:43)
	at java.lang.reflect.Method.invoke(Method.java:498)
	at org.eclipse.lsp4j.jsonrpc.services.GenericEndpoint.lambda$null$0(GenericEndpoint.java:65)
	... 11 more
Caused by: java.nio.file.FileSystemNotFoundException: Provider "untitled" not installed
	at java.nio.file.Paths.get(Paths.java:147)
	at scala.meta.internal.mtags.MtagsEnrichments$XtensionURIMtags.toAbsolutePath(MtagsEnrichments.scala:115)
	at scala.meta.internal.mtags.MtagsEnrichments$XtensionStringMtags.toAbsolutePath(MtagsEnrichments.scala:141)
	at scala.meta.internal.metals.MetalsEnrichments$XtensionString.toAbsolutePath(MetalsEnrichments.scala:617)
	at scala.meta.internal.metals.MetalsEnrichments$XtensionString.toAbsolutePath(MetalsEnrichments.scala:614)
	at scala.meta.internal.metals.MetalsLanguageServer.didFocus(MetalsLanguageServer.scala:1125)
	... 16 more

六月 01, 2022 4:04:28 下午 org.eclipse.lsp4j.jsonrpc.RemoteEndpoint handleNotification
警告: Notification threw an exception: {
  "jsonrpc": "2.0",
  "method": "metals/didFocusTextDocument",
  "params": [
    "untitled:Untitled-1"
  ]
}
java.lang.RuntimeException: java.lang.reflect.InvocationTargetException
	at org.eclipse.lsp4j.jsonrpc.services.GenericEndpoint.lambda$null$0(GenericEndpoint.java:67)
	at org.eclipse.lsp4j.jsonrpc.services.GenericEndpoint.notify(GenericEndpoint.java:152)
	at org.eclipse.lsp4j.jsonrpc.RemoteEndpoint.handleNotification(RemoteEndpoint.java:220)
	at org.eclipse.lsp4j.jsonrpc.RemoteEndpoint.consume(RemoteEndpoint.java:187)
	at org.eclipse.lsp4j.jsonrpc.json.StreamMessageProducer.handleMessage(StreamMessageProducer.java:194)
	at org.eclipse.lsp4j.jsonrpc.json.StreamMessageProducer.listen(StreamMessageProducer.java:94)
	at org.eclipse.lsp4j.jsonrpc.json.ConcurrentMessageProcessor.run(ConcurrentMessageProcessor.java:113)
	at java.util.concurrent.Executors$RunnableAdapter.call(Executors.java:511)
	at java.util.concurrent.FutureTask.run(FutureTask.java:266)
	at java.util.concurrent.ThreadPoolExecutor.runWorker(ThreadPoolExecutor.java:1149)
	at java.util.concurrent.ThreadPoolExecutor$Worker.run(ThreadPoolExecutor.java:624)
	at java.lang.Thread.run(Thread.java:748)
Caused by: java.lang.reflect.InvocationTargetException
	at sun.reflect.NativeMethodAccessorImpl.invoke0(Native Method)
	at sun.reflect.NativeMethodAccessorImpl.invoke(NativeMethodAccessorImpl.java:62)
	at sun.reflect.DelegatingMethodAccessorImpl.invoke(DelegatingMethodAccessorImpl.java:43)
	at java.lang.reflect.Method.invoke(Method.java:498)
	at org.eclipse.lsp4j.jsonrpc.services.GenericEndpoint.lambda$null$0(GenericEndpoint.java:65)
	... 11 more
Caused by: java.nio.file.FileSystemNotFoundException: Provider "untitled" not installed
	at java.nio.file.Paths.get(Paths.java:147)
	at scala.meta.internal.mtags.MtagsEnrichments$XtensionURIMtags.toAbsolutePath(MtagsEnrichments.scala:115)
	at scala.meta.internal.mtags.MtagsEnrichments$XtensionStringMtags.toAbsolutePath(MtagsEnrichments.scala:141)
	at scala.meta.internal.metals.MetalsEnrichments$XtensionString.toAbsolutePath(MetalsEnrichments.scala:617)
	at scala.meta.internal.metals.MetalsEnrichments$XtensionString.toAbsolutePath(MetalsEnrichments.scala:614)
	at scala.meta.internal.metals.MetalsLanguageServer.didFocus(MetalsLanguageServer.scala:1125)
	... 16 more

2022.06.01 17:14:30 INFO  shutting down Metals
2022.06.01 17:14:48 INFO  tracing is disabled for protocol LSP, to enable tracing of incoming and outgoing JSON messages create an empty file at /Users/ht/code/cpp_example/.metals/lsp.trace.json or /Users/ht/Library/Caches/org.scalameta.metals/lsp.trace.json
2022.06.01 17:14:49 INFO  logging to file /Users/ht/code/cpp_example/.metals/metals.log
2022.06.01 17:14:49 INFO  Started: Metals version 0.11.5 in workspace '/Users/ht/code/cpp_example' for client Visual Studio Code 1.66.2.
2022.06.01 17:14:50 INFO  time: initialize in 1.61s
2022.06.01 17:14:50 WARN  Flyway upgrade recommended: H2 2.1.212 is newer than this version of Flyway and support has not been tested. The latest supported version of H2 is 2.1.210.
2022.06.01 17:14:50 WARN  Build server is not auto-connectable.
2022.06.01 17:14:50 WARN  no build tool detected in workspace '/Users/ht/code/cpp_example'. The most common cause for this problem is that the editor was opened in the wrong working directory, for example if you use sbt then the workspace directory should contain build.sbt. 
六月 01, 2022 7:25:14 下午 org.eclipse.lsp4j.jsonrpc.RemoteEndpoint handleNotification
警告: Notification threw an exception: {
  "jsonrpc": "2.0",
  "method": "metals/didFocusTextDocument",
  "params": [
    "untitled:Untitled-2"
  ]
}
java.lang.RuntimeException: java.lang.reflect.InvocationTargetException
	at org.eclipse.lsp4j.jsonrpc.services.GenericEndpoint.lambda$null$0(GenericEndpoint.java:67)
	at org.eclipse.lsp4j.jsonrpc.services.GenericEndpoint.notify(GenericEndpoint.java:152)
	at org.eclipse.lsp4j.jsonrpc.RemoteEndpoint.handleNotification(RemoteEndpoint.java:220)
	at org.eclipse.lsp4j.jsonrpc.RemoteEndpoint.consume(RemoteEndpoint.java:187)
	at org.eclipse.lsp4j.jsonrpc.json.StreamMessageProducer.handleMessage(StreamMessageProducer.java:194)
	at org.eclipse.lsp4j.jsonrpc.json.StreamMessageProducer.listen(StreamMessageProducer.java:94)
	at org.eclipse.lsp4j.jsonrpc.json.ConcurrentMessageProcessor.run(ConcurrentMessageProcessor.java:113)
	at java.util.concurrent.Executors$RunnableAdapter.call(Executors.java:511)
	at java.util.concurrent.FutureTask.run(FutureTask.java:266)
	at java.util.concurrent.ThreadPoolExecutor.runWorker(ThreadPoolExecutor.java:1149)
	at java.util.concurrent.ThreadPoolExecutor$Worker.run(ThreadPoolExecutor.java:624)
	at java.lang.Thread.run(Thread.java:748)
Caused by: java.lang.reflect.InvocationTargetException
	at sun.reflect.NativeMethodAccessorImpl.invoke0(Native Method)
	at sun.reflect.NativeMethodAccessorImpl.invoke(NativeMethodAccessorImpl.java:62)
	at sun.reflect.DelegatingMethodAccessorImpl.invoke(DelegatingMethodAccessorImpl.java:43)
	at java.lang.reflect.Method.invoke(Method.java:498)
	at org.eclipse.lsp4j.jsonrpc.services.GenericEndpoint.lambda$null$0(GenericEndpoint.java:65)
	... 11 more
Caused by: java.nio.file.FileSystemNotFoundException: Provider "untitled" not installed
	at java.nio.file.Paths.get(Paths.java:147)
	at scala.meta.internal.mtags.MtagsEnrichments$XtensionURIMtags.toAbsolutePath(MtagsEnrichments.scala:115)
	at scala.meta.internal.mtags.MtagsEnrichments$XtensionStringMtags.toAbsolutePath(MtagsEnrichments.scala:141)
	at scala.meta.internal.metals.MetalsEnrichments$XtensionString.toAbsolutePath(MetalsEnrichments.scala:617)
	at scala.meta.internal.metals.MetalsEnrichments$XtensionString.toAbsolutePath(MetalsEnrichments.scala:614)
	at scala.meta.internal.metals.MetalsLanguageServer.didFocus(MetalsLanguageServer.scala:1125)
	... 16 more

六月 01, 2022 7:25:25 下午 org.eclipse.lsp4j.jsonrpc.RemoteEndpoint handleNotification
警告: Notification threw an exception: {
  "jsonrpc": "2.0",
  "method": "metals/didFocusTextDocument",
  "params": [
    "untitled:Untitled-2"
  ]
}
java.lang.RuntimeException: java.lang.reflect.InvocationTargetException
	at org.eclipse.lsp4j.jsonrpc.services.GenericEndpoint.lambda$null$0(GenericEndpoint.java:67)
	at org.eclipse.lsp4j.jsonrpc.services.GenericEndpoint.notify(GenericEndpoint.java:152)
	at org.eclipse.lsp4j.jsonrpc.RemoteEndpoint.handleNotification(RemoteEndpoint.java:220)
	at org.eclipse.lsp4j.jsonrpc.RemoteEndpoint.consume(RemoteEndpoint.java:187)
	at org.eclipse.lsp4j.jsonrpc.json.StreamMessageProducer.handleMessage(StreamMessageProducer.java:194)
	at org.eclipse.lsp4j.jsonrpc.json.StreamMessageProducer.listen(StreamMessageProducer.java:94)
	at org.eclipse.lsp4j.jsonrpc.json.ConcurrentMessageProcessor.run(ConcurrentMessageProcessor.java:113)
	at java.util.concurrent.Executors$RunnableAdapter.call(Executors.java:511)
	at java.util.concurrent.FutureTask.run(FutureTask.java:266)
	at java.util.concurrent.ThreadPoolExecutor.runWorker(ThreadPoolExecutor.java:1149)
	at java.util.concurrent.ThreadPoolExecutor$Worker.run(ThreadPoolExecutor.java:624)
	at java.lang.Thread.run(Thread.java:748)
Caused by: java.lang.reflect.InvocationTargetException
	at sun.reflect.NativeMethodAccessorImpl.invoke0(Native Method)
	at sun.reflect.NativeMethodAccessorImpl.invoke(NativeMethodAccessorImpl.java:62)
	at sun.reflect.DelegatingMethodAccessorImpl.invoke(DelegatingMethodAccessorImpl.java:43)
	at java.lang.reflect.Method.invoke(Method.java:498)
	at org.eclipse.lsp4j.jsonrpc.services.GenericEndpoint.lambda$null$0(GenericEndpoint.java:65)
	... 11 more
Caused by: java.nio.file.FileSystemNotFoundException: Provider "untitled" not installed
	at java.nio.file.Paths.get(Paths.java:147)
	at scala.meta.internal.mtags.MtagsEnrichments$XtensionURIMtags.toAbsolutePath(MtagsEnrichments.scala:115)
	at scala.meta.internal.mtags.MtagsEnrichments$XtensionStringMtags.toAbsolutePath(MtagsEnrichments.scala:141)
	at scala.meta.internal.metals.MetalsEnrichments$XtensionString.toAbsolutePath(MetalsEnrichments.scala:617)
	at scala.meta.internal.metals.MetalsEnrichments$XtensionString.toAbsolutePath(MetalsEnrichments.scala:614)
	at scala.meta.internal.metals.MetalsLanguageServer.didFocus(MetalsLanguageServer.scala:1125)
	... 16 more

六月 01, 2022 7:52:49 下午 org.eclipse.lsp4j.jsonrpc.RemoteEndpoint handleNotification
警告: Notification threw an exception: {
  "jsonrpc": "2.0",
  "method": "metals/didFocusTextDocument",
  "params": [
    "untitled:Untitled-2"
  ]
}
java.lang.RuntimeException: java.lang.reflect.InvocationTargetException
	at org.eclipse.lsp4j.jsonrpc.services.GenericEndpoint.lambda$null$0(GenericEndpoint.java:67)
	at org.eclipse.lsp4j.jsonrpc.services.GenericEndpoint.notify(GenericEndpoint.java:152)
	at org.eclipse.lsp4j.jsonrpc.RemoteEndpoint.handleNotification(RemoteEndpoint.java:220)
	at org.eclipse.lsp4j.jsonrpc.RemoteEndpoint.consume(RemoteEndpoint.java:187)
	at org.eclipse.lsp4j.jsonrpc.json.StreamMessageProducer.handleMessage(StreamMessageProducer.java:194)
	at org.eclipse.lsp4j.jsonrpc.json.StreamMessageProducer.listen(StreamMessageProducer.java:94)
	at org.eclipse.lsp4j.jsonrpc.json.ConcurrentMessageProcessor.run(ConcurrentMessageProcessor.java:113)
	at java.util.concurrent.Executors$RunnableAdapter.call(Executors.java:511)
	at java.util.concurrent.FutureTask.run(FutureTask.java:266)
	at java.util.concurrent.ThreadPoolExecutor.runWorker(ThreadPoolExecutor.java:1149)
	at java.util.concurrent.ThreadPoolExecutor$Worker.run(ThreadPoolExecutor.java:624)
	at java.lang.Thread.run(Thread.java:748)
Caused by: java.lang.reflect.InvocationTargetException
	at sun.reflect.NativeMethodAccessorImpl.invoke0(Native Method)
	at sun.reflect.NativeMethodAccessorImpl.invoke(NativeMethodAccessorImpl.java:62)
	at sun.reflect.DelegatingMethodAccessorImpl.invoke(DelegatingMethodAccessorImpl.java:43)
	at java.lang.reflect.Method.invoke(Method.java:498)
	at org.eclipse.lsp4j.jsonrpc.services.GenericEndpoint.lambda$null$0(GenericEndpoint.java:65)
	... 11 more
Caused by: java.nio.file.FileSystemNotFoundException: Provider "untitled" not installed
	at java.nio.file.Paths.get(Paths.java:147)
	at scala.meta.internal.mtags.MtagsEnrichments$XtensionURIMtags.toAbsolutePath(MtagsEnrichments.scala:115)
	at scala.meta.internal.mtags.MtagsEnrichments$XtensionStringMtags.toAbsolutePath(MtagsEnrichments.scala:141)
	at scala.meta.internal.metals.MetalsEnrichments$XtensionString.toAbsolutePath(MetalsEnrichments.scala:617)
	at scala.meta.internal.metals.MetalsEnrichments$XtensionString.toAbsolutePath(MetalsEnrichments.scala:614)
	at scala.meta.internal.metals.MetalsLanguageServer.didFocus(MetalsLanguageServer.scala:1125)
	... 16 more

六月 01, 2022 7:54:53 下午 org.eclipse.lsp4j.jsonrpc.RemoteEndpoint handleNotification
警告: Notification threw an exception: {
  "jsonrpc": "2.0",
  "method": "metals/didFocusTextDocument",
  "params": [
    "untitled:Untitled-2"
  ]
}
java.lang.RuntimeException: java.lang.reflect.InvocationTargetException
	at org.eclipse.lsp4j.jsonrpc.services.GenericEndpoint.lambda$null$0(GenericEndpoint.java:67)
	at org.eclipse.lsp4j.jsonrpc.services.GenericEndpoint.notify(GenericEndpoint.java:152)
	at org.eclipse.lsp4j.jsonrpc.RemoteEndpoint.handleNotification(RemoteEndpoint.java:220)
	at org.eclipse.lsp4j.jsonrpc.RemoteEndpoint.consume(RemoteEndpoint.java:187)
	at org.eclipse.lsp4j.jsonrpc.json.StreamMessageProducer.handleMessage(StreamMessageProducer.java:194)
	at org.eclipse.lsp4j.jsonrpc.json.StreamMessageProducer.listen(StreamMessageProducer.java:94)
	at org.eclipse.lsp4j.jsonrpc.json.ConcurrentMessageProcessor.run(ConcurrentMessageProcessor.java:113)
	at java.util.concurrent.Executors$RunnableAdapter.call(Executors.java:511)
	at java.util.concurrent.FutureTask.run(FutureTask.java:266)
	at java.util.concurrent.ThreadPoolExecutor.runWorker(ThreadPoolExecutor.java:1149)
	at java.util.concurrent.ThreadPoolExecutor$Worker.run(ThreadPoolExecutor.java:624)
	at java.lang.Thread.run(Thread.java:748)
Caused by: java.lang.reflect.InvocationTargetException
	at sun.reflect.NativeMethodAccessorImpl.invoke0(Native Method)
	at sun.reflect.NativeMethodAccessorImpl.invoke(NativeMethodAccessorImpl.java:62)
	at sun.reflect.DelegatingMethodAccessorImpl.invoke(DelegatingMethodAccessorImpl.java:43)
	at java.lang.reflect.Method.invoke(Method.java:498)
	at org.eclipse.lsp4j.jsonrpc.services.GenericEndpoint.lambda$null$0(GenericEndpoint.java:65)
	... 11 more
Caused by: java.nio.file.FileSystemNotFoundException: Provider "untitled" not installed
	at java.nio.file.Paths.get(Paths.java:147)
	at scala.meta.internal.mtags.MtagsEnrichments$XtensionURIMtags.toAbsolutePath(MtagsEnrichments.scala:115)
	at scala.meta.internal.mtags.MtagsEnrichments$XtensionStringMtags.toAbsolutePath(MtagsEnrichments.scala:141)
	at scala.meta.internal.metals.MetalsEnrichments$XtensionString.toAbsolutePath(MetalsEnrichments.scala:617)
	at scala.meta.internal.metals.MetalsEnrichments$XtensionString.toAbsolutePath(MetalsEnrichments.scala:614)
	at scala.meta.internal.metals.MetalsLanguageServer.didFocus(MetalsLanguageServer.scala:1125)
	... 16 more

六月 01, 2022 7:54:58 下午 org.eclipse.lsp4j.jsonrpc.RemoteEndpoint handleNotification
警告: Notification threw an exception: {
  "jsonrpc": "2.0",
  "method": "metals/didFocusTextDocument",
  "params": [
    "untitled:Untitled-1"
  ]
}
java.lang.RuntimeException: java.lang.reflect.InvocationTargetException
	at org.eclipse.lsp4j.jsonrpc.services.GenericEndpoint.lambda$null$0(GenericEndpoint.java:67)
	at org.eclipse.lsp4j.jsonrpc.services.GenericEndpoint.notify(GenericEndpoint.java:152)
	at org.eclipse.lsp4j.jsonrpc.RemoteEndpoint.handleNotification(RemoteEndpoint.java:220)
	at org.eclipse.lsp4j.jsonrpc.RemoteEndpoint.consume(RemoteEndpoint.java:187)
	at org.eclipse.lsp4j.jsonrpc.json.StreamMessageProducer.handleMessage(StreamMessageProducer.java:194)
	at org.eclipse.lsp4j.jsonrpc.json.StreamMessageProducer.listen(StreamMessageProducer.java:94)
	at org.eclipse.lsp4j.jsonrpc.json.ConcurrentMessageProcessor.run(ConcurrentMessageProcessor.java:113)
	at java.util.concurrent.Executors$RunnableAdapter.call(Executors.java:511)
	at java.util.concurrent.FutureTask.run(FutureTask.java:266)
	at java.util.concurrent.ThreadPoolExecutor.runWorker(ThreadPoolExecutor.java:1149)
	at java.util.concurrent.ThreadPoolExecutor$Worker.run(ThreadPoolExecutor.java:624)
	at java.lang.Thread.run(Thread.java:748)
Caused by: java.lang.reflect.InvocationTargetException
	at sun.reflect.NativeMethodAccessorImpl.invoke0(Native Method)
	at sun.reflect.NativeMethodAccessorImpl.invoke(NativeMethodAccessorImpl.java:62)
	at sun.reflect.DelegatingMethodAccessorImpl.invoke(DelegatingMethodAccessorImpl.java:43)
	at java.lang.reflect.Method.invoke(Method.java:498)
	at org.eclipse.lsp4j.jsonrpc.services.GenericEndpoint.lambda$null$0(GenericEndpoint.java:65)
	... 11 more
Caused by: java.nio.file.FileSystemNotFoundException: Provider "untitled" not installed
	at java.nio.file.Paths.get(Paths.java:147)
	at scala.meta.internal.mtags.MtagsEnrichments$XtensionURIMtags.toAbsolutePath(MtagsEnrichments.scala:115)
	at scala.meta.internal.mtags.MtagsEnrichments$XtensionStringMtags.toAbsolutePath(MtagsEnrichments.scala:141)
	at scala.meta.internal.metals.MetalsEnrichments$XtensionString.toAbsolutePath(MetalsEnrichments.scala:617)
	at scala.meta.internal.metals.MetalsEnrichments$XtensionString.toAbsolutePath(MetalsEnrichments.scala:614)
	at scala.meta.internal.metals.MetalsLanguageServer.didFocus(MetalsLanguageServer.scala:1125)
	... 16 more

六月 01, 2022 7:55:06 下午 org.eclipse.lsp4j.jsonrpc.RemoteEndpoint handleNotification
警告: Notification threw an exception: {
  "jsonrpc": "2.0",
  "method": "metals/didFocusTextDocument",
  "params": [
    "untitled:Untitled-1"
  ]
}
java.lang.RuntimeException: java.lang.reflect.InvocationTargetException
	at org.eclipse.lsp4j.jsonrpc.services.GenericEndpoint.lambda$null$0(GenericEndpoint.java:67)
	at org.eclipse.lsp4j.jsonrpc.services.GenericEndpoint.notify(GenericEndpoint.java:152)
	at org.eclipse.lsp4j.jsonrpc.RemoteEndpoint.handleNotification(RemoteEndpoint.java:220)
	at org.eclipse.lsp4j.jsonrpc.RemoteEndpoint.consume(RemoteEndpoint.java:187)
	at org.eclipse.lsp4j.jsonrpc.json.StreamMessageProducer.handleMessage(StreamMessageProducer.java:194)
	at org.eclipse.lsp4j.jsonrpc.json.StreamMessageProducer.listen(StreamMessageProducer.java:94)
	at org.eclipse.lsp4j.jsonrpc.json.ConcurrentMessageProcessor.run(ConcurrentMessageProcessor.java:113)
	at java.util.concurrent.Executors$RunnableAdapter.call(Executors.java:511)
	at java.util.concurrent.FutureTask.run(FutureTask.java:266)
	at java.util.concurrent.ThreadPoolExecutor.runWorker(ThreadPoolExecutor.java:1149)
	at java.util.concurrent.ThreadPoolExecutor$Worker.run(ThreadPoolExecutor.java:624)
	at java.lang.Thread.run(Thread.java:748)
Caused by: java.lang.reflect.InvocationTargetException
	at sun.reflect.NativeMethodAccessorImpl.invoke0(Native Method)
	at sun.reflect.NativeMethodAccessorImpl.invoke(NativeMethodAccessorImpl.java:62)
	at sun.reflect.DelegatingMethodAccessorImpl.invoke(DelegatingMethodAccessorImpl.java:43)
	at java.lang.reflect.Method.invoke(Method.java:498)
	at org.eclipse.lsp4j.jsonrpc.services.GenericEndpoint.lambda$null$0(GenericEndpoint.java:65)
	... 11 more
Caused by: java.nio.file.FileSystemNotFoundException: Provider "untitled" not installed
	at java.nio.file.Paths.get(Paths.java:147)
	at scala.meta.internal.mtags.MtagsEnrichments$XtensionURIMtags.toAbsolutePath(MtagsEnrichments.scala:115)
	at scala.meta.internal.mtags.MtagsEnrichments$XtensionStringMtags.toAbsolutePath(MtagsEnrichments.scala:141)
	at scala.meta.internal.metals.MetalsEnrichments$XtensionString.toAbsolutePath(MetalsEnrichments.scala:617)
	at scala.meta.internal.metals.MetalsEnrichments$XtensionString.toAbsolutePath(MetalsEnrichments.scala:614)
	at scala.meta.internal.metals.MetalsLanguageServer.didFocus(MetalsLanguageServer.scala:1125)
	... 16 more

六月 01, 2022 7:55:10 下午 org.eclipse.lsp4j.jsonrpc.RemoteEndpoint handleNotification
警告: Notification threw an exception: {
  "jsonrpc": "2.0",
  "method": "metals/didFocusTextDocument",
  "params": [
    "untitled:Untitled-1"
  ]
}
java.lang.RuntimeException: java.lang.reflect.InvocationTargetException
	at org.eclipse.lsp4j.jsonrpc.services.GenericEndpoint.lambda$null$0(GenericEndpoint.java:67)
	at org.eclipse.lsp4j.jsonrpc.services.GenericEndpoint.notify(GenericEndpoint.java:152)
	at org.eclipse.lsp4j.jsonrpc.RemoteEndpoint.handleNotification(RemoteEndpoint.java:220)
	at org.eclipse.lsp4j.jsonrpc.RemoteEndpoint.consume(RemoteEndpoint.java:187)
	at org.eclipse.lsp4j.jsonrpc.json.StreamMessageProducer.handleMessage(StreamMessageProducer.java:194)
	at org.eclipse.lsp4j.jsonrpc.json.StreamMessageProducer.listen(StreamMessageProducer.java:94)
	at org.eclipse.lsp4j.jsonrpc.json.ConcurrentMessageProcessor.run(ConcurrentMessageProcessor.java:113)
	at java.util.concurrent.Executors$RunnableAdapter.call(Executors.java:511)
	at java.util.concurrent.FutureTask.run(FutureTask.java:266)
	at java.util.concurrent.ThreadPoolExecutor.runWorker(ThreadPoolExecutor.java:1149)
	at java.util.concurrent.ThreadPoolExecutor$Worker.run(ThreadPoolExecutor.java:624)
	at java.lang.Thread.run(Thread.java:748)
Caused by: java.lang.reflect.InvocationTargetException
	at sun.reflect.NativeMethodAccessorImpl.invoke0(Native Method)
	at sun.reflect.NativeMethodAccessorImpl.invoke(NativeMethodAccessorImpl.java:62)
	at sun.reflect.DelegatingMethodAccessorImpl.invoke(DelegatingMethodAccessorImpl.java:43)
	at java.lang.reflect.Method.invoke(Method.java:498)
	at org.eclipse.lsp4j.jsonrpc.services.GenericEndpoint.lambda$null$0(GenericEndpoint.java:65)
	... 11 more
Caused by: java.nio.file.FileSystemNotFoundException: Provider "untitled" not installed
	at java.nio.file.Paths.get(Paths.java:147)
	at scala.meta.internal.mtags.MtagsEnrichments$XtensionURIMtags.toAbsolutePath(MtagsEnrichments.scala:115)
	at scala.meta.internal.mtags.MtagsEnrichments$XtensionStringMtags.toAbsolutePath(MtagsEnrichments.scala:141)
	at scala.meta.internal.metals.MetalsEnrichments$XtensionString.toAbsolutePath(MetalsEnrichments.scala:617)
	at scala.meta.internal.metals.MetalsEnrichments$XtensionString.toAbsolutePath(MetalsEnrichments.scala:614)
	at scala.meta.internal.metals.MetalsLanguageServer.didFocus(MetalsLanguageServer.scala:1125)
	... 16 more

2022.06.01 19:56:44 INFO  tracing is disabled for protocol LSP, to enable tracing of incoming and outgoing JSON messages create an empty file at /Users/ht/code/cpp_example/.metals/lsp.trace.json or /Users/ht/Library/Caches/org.scalameta.metals/lsp.trace.json
2022.06.01 19:56:46 INFO  logging to file /Users/ht/code/cpp_example/.metals/metals.log
2022.06.01 19:56:46 INFO  Started: Metals version 0.11.5 in workspace '/Users/ht/code/cpp_example' for client Visual Studio Code 1.67.2.
2022.06.01 19:56:48 INFO  time: initialize in 1.95s
2022.06.01 19:56:48 WARN  Flyway upgrade recommended: H2 2.1.212 is newer than this version of Flyway and support has not been tested. The latest supported version of H2 is 2.1.210.
2022.06.01 19:56:48 WARN  Build server is not auto-connectable.
2022.06.01 19:56:48 WARN  no build tool detected in workspace '/Users/ht/code/cpp_example'. The most common cause for this problem is that the editor was opened in the wrong working directory, for example if you use sbt then the workspace directory should contain build.sbt. 
2022.06.08 09:55:37 INFO  tracing is disabled for protocol LSP, to enable tracing of incoming and outgoing JSON messages create an empty file at /Users/ht/code/cpp_example/.metals/lsp.trace.json or /Users/ht/Library/Caches/org.scalameta.metals/lsp.trace.json
2022.06.08 09:55:38 INFO  logging to file /Users/ht/code/cpp_example/.metals/metals.log
2022.06.08 09:55:38 INFO  Started: Metals version 0.11.6 in workspace '/Users/ht/code/cpp_example' for client Visual Studio Code 1.67.2.
2022.06.08 09:55:39 INFO  time: initialize in 0.92s
2022.06.08 09:55:39 WARN  Flyway upgrade recommended: H2 2.1.212 is newer than this version of Flyway and support has not been tested. The latest supported version of H2 is 2.1.210.
2022.06.08 09:55:39 WARN  Build server is not auto-connectable.
2022.06.08 09:55:39 WARN  no build tool detected in workspace '/Users/ht/code/cpp_example'. The most common cause for this problem is that the editor was opened in the wrong working directory, for example if you use sbt then the workspace directory should contain build.sbt. 
2022.06.08 10:49:53 INFO  tracing is disabled for protocol LSP, to enable tracing of incoming and outgoing JSON messages create an empty file at /Users/ht/code/cpp_example/.metals/lsp.trace.json or /Users/ht/Library/Caches/org.scalameta.metals/lsp.trace.json
2022.06.08 10:49:55 INFO  logging to file /Users/ht/code/cpp_example/.metals/metals.log
2022.06.08 10:49:55 INFO  Started: Metals version 0.11.6 in workspace '/Users/ht/code/cpp_example' for client Visual Studio Code 1.67.2.
2022.06.08 10:49:56 INFO  time: initialize in 1.78s
2022.06.08 10:49:57 WARN  Flyway upgrade recommended: H2 2.1.212 is newer than this version of Flyway and support has not been tested. The latest supported version of H2 is 2.1.210.
2022.06.08 10:49:58 WARN  Build server is not auto-connectable.
2022.06.08 10:49:58 WARN  no build tool detected in workspace '/Users/ht/code/cpp_example'. The most common cause for this problem is that the editor was opened in the wrong working directory, for example if you use sbt then the workspace directory should contain build.sbt. 
2022.06.11 16:53:11 INFO  shutting down Metals
2022.06.11 16:55:27 INFO  tracing is disabled for protocol LSP, to enable tracing of incoming and outgoing JSON messages create an empty file at /Users/ht/code/cpp_example/.metals/lsp.trace.json or /Users/ht/Library/Caches/org.scalameta.metals/lsp.trace.json
2022.06.11 16:55:29 INFO  logging to file /Users/ht/code/cpp_example/.metals/metals.log
2022.06.11 16:55:29 INFO  Started: Metals version 0.11.6 in workspace '/Users/ht/code/cpp_example' for client Visual Studio Code 1.68.0.
2022.06.11 16:55:32 INFO  time: initialize in 2.64s
2022.06.11 16:55:32 WARN  Flyway upgrade recommended: H2 2.1.212 is newer than this version of Flyway and support has not been tested. The latest supported version of H2 is 2.1.210.
2022.06.11 16:55:33 WARN  Build server is not auto-connectable.
2022.06.11 16:55:33 WARN  no build tool detected in workspace '/Users/ht/code/cpp_example'. The most common cause for this problem is that the editor was opened in the wrong working directory, for example if you use sbt then the workspace directory should contain build.sbt. 
六月 14, 2022 2:15:28 下午 org.eclipse.lsp4j.jsonrpc.services.GenericEndpoint notify
信息: Unsupported notification method: $/setTrace
2022.06.14 18:24:23 INFO  shutting down Metals
2022.06.15 09:07:53 INFO  tracing is disabled for protocol LSP, to enable tracing of incoming and outgoing JSON messages create an empty file at /Users/ht/code/cpp_example/.metals/lsp.trace.json or /Users/ht/Library/Caches/org.scalameta.metals/lsp.trace.json
2022.06.15 09:07:54 INFO  logging to file /Users/ht/code/cpp_example/.metals/metals.log
2022.06.15 09:07:54 INFO  Started: Metals version 0.11.6 in workspace '/Users/ht/code/cpp_example' for client Visual Studio Code 1.68.0.
2022.06.15 09:07:55 INFO  time: initialize in 0.96s
2022.06.15 09:07:55 WARN  Flyway upgrade recommended: H2 2.1.212 is newer than this version of Flyway and support has not been tested. The latest supported version of H2 is 2.1.210.
2022.06.15 09:07:55 WARN  Build server is not auto-connectable.
2022.06.15 09:07:55 WARN  no build tool detected in workspace '/Users/ht/code/cpp_example'. The most common cause for this problem is that the editor was opened in the wrong working directory, for example if you use sbt then the workspace directory should contain build.sbt. 
六月 15, 2022 9:08:08 上午 org.eclipse.lsp4j.jsonrpc.services.GenericEndpoint notify
信息: Unsupported notification method: $/setTrace
六月 15, 2022 9:08:15 上午 org.eclipse.lsp4j.jsonrpc.services.GenericEndpoint notify
信息: Unsupported notification method: $/setTrace
六月 15, 2022 9:08:21 上午 org.eclipse.lsp4j.jsonrpc.services.GenericEndpoint notify
信息: Unsupported notification method: $/setTrace
六月 15, 2022 9:08:26 上午 org.eclipse.lsp4j.jsonrpc.services.GenericEndpoint notify
信息: Unsupported notification method: $/setTrace
六月 15, 2022 9:08:31 上午 org.eclipse.lsp4j.jsonrpc.services.GenericEndpoint notify
信息: Unsupported notification method: $/setTrace
六月 15, 2022 9:08:40 上午 org.eclipse.lsp4j.jsonrpc.services.GenericEndpoint notify
信息: Unsupported notification method: $/setTrace
六月 20, 2022 3:37:11 下午 org.eclipse.lsp4j.jsonrpc.RemoteEndpoint handleNotification
警告: Notification threw an exception: {
  "jsonrpc": "2.0",
  "method": "metals/didFocusTextDocument",
  "params": [
    "untitled:Untitled-4"
  ]
}
java.lang.RuntimeException: java.lang.reflect.InvocationTargetException
	at org.eclipse.lsp4j.jsonrpc.services.GenericEndpoint.lambda$null$0(GenericEndpoint.java:67)
	at org.eclipse.lsp4j.jsonrpc.services.GenericEndpoint.notify(GenericEndpoint.java:152)
	at org.eclipse.lsp4j.jsonrpc.RemoteEndpoint.handleNotification(RemoteEndpoint.java:220)
	at org.eclipse.lsp4j.jsonrpc.RemoteEndpoint.consume(RemoteEndpoint.java:187)
	at org.eclipse.lsp4j.jsonrpc.json.StreamMessageProducer.handleMessage(StreamMessageProducer.java:194)
	at org.eclipse.lsp4j.jsonrpc.json.StreamMessageProducer.listen(StreamMessageProducer.java:94)
	at org.eclipse.lsp4j.jsonrpc.json.ConcurrentMessageProcessor.run(ConcurrentMessageProcessor.java:113)
	at java.util.concurrent.Executors$RunnableAdapter.call(Executors.java:511)
	at java.util.concurrent.FutureTask.run(FutureTask.java:266)
	at java.util.concurrent.ThreadPoolExecutor.runWorker(ThreadPoolExecutor.java:1149)
	at java.util.concurrent.ThreadPoolExecutor$Worker.run(ThreadPoolExecutor.java:624)
	at java.lang.Thread.run(Thread.java:748)
Caused by: java.lang.reflect.InvocationTargetException
	at sun.reflect.NativeMethodAccessorImpl.invoke0(Native Method)
	at sun.reflect.NativeMethodAccessorImpl.invoke(NativeMethodAccessorImpl.java:62)
	at sun.reflect.DelegatingMethodAccessorImpl.invoke(DelegatingMethodAccessorImpl.java:43)
	at java.lang.reflect.Method.invoke(Method.java:498)
	at org.eclipse.lsp4j.jsonrpc.services.GenericEndpoint.lambda$null$0(GenericEndpoint.java:65)
	... 11 more
Caused by: java.nio.file.FileSystemNotFoundException: Provider "untitled" not installed
	at java.nio.file.Paths.get(Paths.java:147)
	at scala.meta.internal.mtags.MtagsEnrichments$XtensionURIMtags.toAbsolutePath(MtagsEnrichments.scala:115)
	at scala.meta.internal.mtags.MtagsEnrichments$XtensionStringMtags.toAbsolutePath(MtagsEnrichments.scala:141)
	at scala.meta.internal.metals.MetalsEnrichments$XtensionString.toAbsolutePath(MetalsEnrichments.scala:617)
	at scala.meta.internal.metals.MetalsEnrichments$XtensionString.toAbsolutePath(MetalsEnrichments.scala:614)
	at scala.meta.internal.metals.MetalsLanguageServer.didFocus(MetalsLanguageServer.scala:1129)
	... 16 more

六月 21, 2022 11:11:26 上午 org.eclipse.lsp4j.jsonrpc.services.GenericEndpoint notify
信息: Unsupported notification method: $/setTrace
六月 28, 2022 11:05:21 上午 org.eclipse.lsp4j.jsonrpc.services.GenericEndpoint notify
信息: Unsupported notification method: $/setTrace
2022.06.28 21:39:30 INFO  shutting down Metals
